2020-04-18 22:33:05,144 - DeepNLPF.base - INFO - --------------------- Start ---------------------
2020-04-18 22:33:05,145 - DeepNLPF.base - INFO - Input data type: raw_text
2020-04-18 22:33:05,145 - DeepNLPF.base - INFO - Input pipeline type: json file.
2020-04-18 22:33:05,145 - DeepNLPF.base - INFO - Pipeline selected: /home/fasr/Mestrado/Workspace/deepnlpf2/tests/pipelines/json/banchmarking_boost.json
2020-04-18 22:33:05,145 - DeepNLPF.base - INFO - Use DB: None
2020-04-18 22:33:05,145 - DeepNLPF.base - INFO - Output: file
2020-04-18 22:33:05,145 - DeepNLPF.base - INFO - Format: json
2020-04-18 22:33:05,145 - DeepNLPF.base - INFO - Tool base: stanza
2020-04-18 22:33:05,145 - DeepNLPF.base - INFO - Boost: ray
2020-04-18 22:33:05,145 - DeepNLPF.base - INFO - Pool: 666f6f2d6261722d71757578
2020-04-18 22:33:05,146 - DeepNLPF.base - INFO - Pre-processing: Sentence Split
2020-04-18 22:33:07,259 - DeepNLPF.base - INFO - Plugin call: stanza
2020-04-18 22:33:11,491 - DeepNLPF.base - INFO - Output file in: /home/fasr/deepnlpf_data/output/5e9baa515af34b83ac9ef5b4/Henry/stanza.json
2020-04-18 22:33:11,491 - DeepNLPF.base - INFO - Plugin call: semafor
2020-04-18 22:33:42,696 - DeepNLPF.base - INFO - Output file in: /home/fasr/deepnlpf_data/output/5e9baa515af34b83ac9ef5b4/Henry/semafor.json
2020-04-18 22:33:42,697 - DeepNLPF.base - INFO - Plugin call: spacy
2020-04-18 22:33:43,502 - DeepNLPF.base - INFO - Output file in: /home/fasr/deepnlpf_data/output/5e9baa515af34b83ac9ef5b4/Henry/spacy.json
2020-04-18 22:33:43,502 - DeepNLPF.base - INFO - Plugin call: stanfordcorenlp
2020-04-18 22:34:21,631 - DeepNLPF.base - INFO - Output file in: /home/fasr/deepnlpf_data/output/5e9baa515af34b83ac9ef5b4/Henry/stanfordcorenlp.json
2020-04-18 22:34:21,637 - DeepNLPF.base - INFO - --------------------- End ---------------------
